<?xml version="1.0" encoding="UTF-8"?>
<!-- Generated by org.testng.reporters.JUnitReportReporter -->
<testsuite hostname="DESKTOP-K242S0S" failures="0" tests="1" name="com.test.GoogleTest" time="7.055" errors="0" timestamp="21 Aug 2019 12:03:17 GMT" skipped="0">
  <testcase classname="com.test.GoogleTest" name="googleSearch" time="7.055"/>
</testsuite> <!-- com.test.GoogleTest -->
