<?xml version="1.0" encoding="UTF-8"?>
<!-- Generated by org.testng.reporters.JUnitReportReporter -->
<testsuite hostname="DESKTOP-K242S0S" failures="0" tests="2" name="com.test.TestNgBasics" time="0.007" errors="0" timestamp="13 Aug 2019 17:17:19 GMT" skipped="0">
  <testcase classname="com.test.TestNgBasics" name="googleTitleTest" time="0.005"/>
  <testcase classname="com.test.TestNgBasics" name="searchTest" time="0.002"/>
</testsuite> <!-- com.test.TestNgBasics -->
